[2025-03-10 19:41:05.839791] 手机壳/creatorai0316_50827_Prompts_starting_with__are_not_accepted._De_1a99c874-caf1-44b7-9eb6-c7161bee2991_case.png: 质检未通过: 宽度不足(1242<2000)
[2025-03-10 19:41:05.919410] 手机壳/creatorai0316_50827_Prompts_starting_with__are_not_accepted._De_3565098b-3673-432b-a945-e9477c364a98_case.png: 质检未通过: 宽度不足(1242<2000)
[2025-03-10 19:41:05.998578] 手机壳/creatorai0316_50827_Prompts_starting_with__are_not_accepted._De_5d52259c-a5f6-45ff-8962-e7a37ab46471_case.png: 质检未通过: 宽度不足(1242<2000)
[2025-03-10 19:41:06.078103] 手机壳/creatorai0316_50827_Prompts_starting_with__are_not_accepted._De_68071fe4-5467-463b-b456-2391f18b2be0_case.png: 质检未通过: 宽度不足(1242<2000)
[2025-03-10 19:41:06.156935] 手机壳/creatorai0316_50827_Prompts_starting_with__are_not_accepted._De_834d6d84-2c10-4f0b-af48-8015bbb0356e_case.png: 质检未通过: 宽度不足(1242<2000)
[2025-03-10 19:41:06.247033] 手机壳/creatorai0316_50827_Prompts_starting_with__are_not_accepted._De_85d93275-5867-4573-991d-9554c9287829_case.png: 质检未通过: 宽度不足(1242<2000)
[2025-03-10 19:41:06.332101] 手机壳/creatorai0316_50827_Prompts_starting_with__are_not_accepted._De_8932ab4d-bb4d-44cf-8d13-1a0243b1af13_case.png: 质检未通过: 宽度不足(1242<2000)
[2025-03-10 19:41:06.427194] 手机壳/creatorai0316_50827_Prompts_starting_with__are_not_accepted._De_a758f5dd-ccd9-4f97-b059-7b52eb426468_case.png: 质检未通过: 宽度不足(1242<2000)
[2025-03-10 19:41:06.507441] 手机壳/creatorai0316_50827_Prompts_starting_with__are_not_accepted._De_c0765854-8fef-414d-9ea5-02ef6426a335_case.png: 质检未通过: 宽度不足(1242<2000)
[2025-03-10 19:41:06.554941] 手机壳/creatorai0316_50827_Prompts_starting_with__are_not_accepted._De_dab71f59-4b98-4e33-92d0-569ea5d2a256_case.png: 质检未通过: 宽度不足(1242<2000)
[2025-03-10 19:41:06.634090] 手机壳/creatorai0316_50827_Seven_Chakras_energy_flow_sacred_geometry_w_40574e72-bb97-4c01-9a36-dc4218fd5bb0_case.png: 质检未通过: 宽度不足(1242<2000)
[2025-03-10 19:41:06.698277] 手机壳/creatorai0316_50827_Seven_Chakras_energy_flow_sacred_geometry_w_b58f13d3-bbb4-43dc-a5ab-3c7e4f2d6093_case.png: 质检未通过: 宽度不足(1242<2000)
[2025-03-10 19:41:06.762113] 手机壳/test1.jpg: 质检未通过: DPI不足(72.0<150)
[2025-03-10 19:41:06.777175] T恤/creatorai0316_50827_abstractgraphic_tee_design_spiritual_te_1e3eb3a4-b4a6-4838-9bde-a78eff757570_shirt.png: cannot reshape array of size 2560000 into shape (800,800,3)
[2025-03-10 19:41:06.777175] T恤/creatorai0316_50827_abstractgraphic_tee_design_spiritual_te_af19b88c-5b4d-446a-a7a4-0393b7c50b62_shirt.png: cannot reshape array of size 2560000 into shape (800,800,3)
[2025-03-10 19:41:06.793278] T恤/creatorai0316_50827_abstractgraphic_tee_design_spiritual_te_eee66424-64ec-41d7-a63d-6583db85ffe8_shirt.png: cannot reshape array of size 2560000 into shape (800,800,3)
[2025-03-10 19:41:06.809218] T恤/creatorai0316_50827_abstractgraphic_tee_design_spiritual_te_fde09159-4428-470e-ac96-34cef1c3d7ce_shirt.png: cannot reshape array of size 2560000 into shape (800,800,3)
[2025-03-10 19:41:06.809218] T恤/creatorai0316_50827_abstract_graphic_tee_design_spiritual_t_d825fca9-9651-4b95-b174-8b97c8a27c67_shirt.png: cannot reshape array of size 2560000 into shape (800,800,3)
[2025-03-10 19:41:06.825298] T恤/creatorai0316_50827_abstract_t-shirt_design_streetwear_styl_2d1a0836-66d6-432c-87ca-28f813a8a6f7_shirt.png: cannot reshape array of size 2560000 into shape (800,800,3)
[2025-03-10 19:41:06.841371] T恤/creatorai0316_50827_abstract_t-shirt_design_streetwear_styl_479c39b7-b9ac-44a3-a045-10ae4f6763d5_shirt.png: cannot reshape array of size 2560000 into shape (800,800,3)
[2025-03-10 19:41:06.841371] T恤/creatorai0316_50827_abstract_t-shirt_design_streetwear_styl_a271fe7d-c14a-4f37-bfb5-3bbc83cca0c4_shirt.png: cannot reshape array of size 2560000 into shape (800,800,3)
[2025-03-10 19:41:06.857767] T恤/creatorai0316_50827_abstract_t-shirt_design_streetwear_styl_f7826315-f176-4fe2-94d2-27bcb487bd84_shirt.png: cannot reshape array of size 2560000 into shape (800,800,3)
[2025-03-10 19:41:06.873080] T恤/creatorai0316_50827_Seven_Chakras_energy_flow_sacred_geometry_w_40574e72-bb97-4c01-9a36-dc4218fd5bb0_shirt.png: cannot reshape array of size 2560000 into shape (800,800,3)
[2025-03-10 19:41:06.873080] T恤/creatorai0316_50827_Seven_Chakras_energy_flow_sacred_geometry_w_b58f13d3-bbb4-43dc-a5ab-3c7e4f2d6093_shirt.png: cannot reshape array of size 2560000 into shape (800,800,3)
[2025-03-10 19:41:06.904662] T恤/tshirt_template_tshirt.png: cannot reshape array of size 16000000 into shape (2000,2000,3)
[2025-03-10 19:41:06.999910] 壁纸/creatorai0316_50827_Islamic_geometric_patterns_meet_Taoist_yin-_0f53bee0-fdfe-4651-afe7-43a68712528b_横版.jpg: 质检未通过: DPI不足(0<72)
[2025-03-10 19:41:07.110909] 壁纸/creatorai0316_50827_Islamic_geometric_patterns_meet_Taoist_yin-_0f53bee0-fdfe-4651-afe7-43a68712528b_竖版.jpg: 质检未通过: 宽度不足(2160<3840)
[2025-03-10 19:41:07.222147] 壁纸/creatorai0316_50827_Islamic_geometric_patterns_meet_Taoist_yin-_20db7d15-9c83-4661-b79b-c535821684e4_横版.jpg: 质检未通过: DPI不足(0<72)
[2025-03-10 19:41:07.317880] 壁纸/creatorai0316_50827_Islamic_geometric_patterns_meet_Taoist_yin-_20db7d15-9c83-4661-b79b-c535821684e4_竖版.jpg: 质检未通过: 宽度不足(2160<3840)
[2025-03-10 19:41:07.433233] 壁纸/creatorai0316_50827_Islamic_geometric_patterns_meet_Taoist_yin-_9c1023c2-2d55-4742-9807-976569b2b084_横版.jpg: 质检未通过: DPI不足(0<72)
[2025-03-10 19:41:07.524067] 壁纸/creatorai0316_50827_Islamic_geometric_patterns_meet_Taoist_yin-_9c1023c2-2d55-4742-9807-976569b2b084_竖版.jpg: 质检未通过: 宽度不足(2160<3840)
[2025-03-10 19:41:07.618873] 壁纸/creatorai0316_50827_Islamic_geometric_patterns_meet_Taoist_yin-_acd043d6-cf47-49b3-9fc3-0a090bf588de_横版.jpg: 质检未通过: DPI不足(0<72)
[2025-03-10 19:41:07.730075] 壁纸/creatorai0316_50827_Islamic_geometric_patterns_meet_Taoist_yin-_acd043d6-cf47-49b3-9fc3-0a090bf588de_竖版.jpg: 质检未通过: 宽度不足(2160<3840)
[2025-03-10 19:41:07.826072] 壁纸/creatorai0316_50827_mysticalwallpaper_4k_resolution_dark__5ab7cdc3-1453-4f25-b0e4-a13b60adef5b_横版.jpg: 质检未通过: DPI不足(0<72)
[2025-03-10 19:41:07.937451] 壁纸/creatorai0316_50827_mysticalwallpaper_4k_resolution_dark__5ab7cdc3-1453-4f25-b0e4-a13b60adef5b_竖版.jpg: 质检未通过: 宽度不足(2160<3840)
[2025-03-10 19:41:08.032059] 壁纸/creatorai0316_50827_mysticalwallpaper_4k_resolution_dark__632debef-e200-49d4-8f96-3f7a6c3c079a_横版.jpg: 质检未通过: DPI不足(0<72)
[2025-03-10 19:41:08.127054] 壁纸/creatorai0316_50827_mysticalwallpaper_4k_resolution_dark__632debef-e200-49d4-8f96-3f7a6c3c079a_竖版.jpg: 质检未通过: 宽度不足(2160<3840)
[2025-03-10 19:41:08.239198] 壁纸/creatorai0316_50827_mysticalwallpaper_4k_resolution_dark__af559556-70d5-48c9-afdd-cd621565d527_横版.jpg: 质检未通过: DPI不足(0<72)
[2025-03-10 19:41:08.335100] 壁纸/creatorai0316_50827_mysticalwallpaper_4k_resolution_dark__af559556-70d5-48c9-afdd-cd621565d527_竖版.jpg: 质检未通过: 宽度不足(2160<3840)
[2025-03-10 19:41:08.430567] 壁纸/creatorai0316_50827_mysticalwallpaper_4k_resolution_dark__cf85a866-afd0-4f43-8d5f-30a7789b4f8a_横版.jpg: 质检未通过: DPI不足(0<72)
[2025-03-10 19:41:08.548014] 壁纸/creatorai0316_50827_mysticalwallpaper_4k_resolution_dark__cf85a866-afd0-4f43-8d5f-30a7789b4f8a_竖版.jpg: 质检未通过: 宽度不足(2160<3840)
[2025-03-10 19:41:08.653844] 壁纸/creatorai0316_50827_Seven_Chakras_energy_flow_sacred_geometry_w_40574e72-bb97-4c01-9a36-dc4218fd5bb0_横版.jpg: 质检未通过: DPI不足(0<72)
[2025-03-10 19:41:08.749718] 壁纸/creatorai0316_50827_Seven_Chakras_energy_flow_sacred_geometry_w_40574e72-bb97-4c01-9a36-dc4218fd5bb0_竖版.jpg: 质检未通过: 宽度不足(2160<3840)
[2025-03-10 19:41:08.862011] 壁纸/creatorai0316_50827_Seven_Chakras_energy_flow_sacred_geometry_w_b58f13d3-bbb4-43dc-a5ab-3c7e4f2d6093_横版.jpg: 质检未通过: DPI不足(0<72)
[2025-03-10 19:41:08.965142] 壁纸/creatorai0316_50827_Seven_Chakras_energy_flow_sacred_geometry_w_b58f13d3-bbb4-43dc-a5ab-3c7e4f2d6093_竖版.jpg: 质检未通过: 宽度不足(2160<3840)
[2025-03-10 19:41:09.083019] 海报/creatorai0316_50827_cute_cyberpunk__dress_liquid_silk_with_ci_098b98aa-fc3c-4d2d-8b59-9abbb6085b66_海报.png: cannot reshape array of size 69612752 into shape (4961,3508,3)
[2025-03-10 19:41:09.209931] 海报/creatorai0316_50827_cute_cyberpunk__dress_liquid_silk_with_ci_1d89b79b-f8e2-4838-a658-73b0f1f718b3_海报.png: cannot reshape array of size 69612752 into shape (4961,3508,3)
[2025-03-10 19:41:09.353025] 海报/creatorai0316_50827_cute_cyberpunk__dress_liquid_silk_with_ci_5ebbefd5-fd7d-4433-ace0-9d33370c5363_海报.png: cannot reshape array of size 69612752 into shape (4961,3508,3)
[2025-03-10 19:41:09.478029] 海报/creatorai0316_50827_cute_cyberpunk__dress_liquid_silk_with_ci_cc92ff5e-665a-49ed-b36e-9a1351a669ca_海报.png: cannot reshape array of size 69612752 into shape (4961,3508,3)
[2025-03-10 19:41:09.604417] 海报/creatorai0316_50827_Seven_Chakras_energy_flow_sacred_geometry_w_40574e72-bb97-4c01-9a36-dc4218fd5bb0_海报.png: cannot reshape array of size 69612752 into shape (4961,3508,3)
[2025-03-10 19:41:09.718966] 海报/creatorai0316_50827_Seven_Chakras_energy_flow_sacred_geometry_w_b58f13d3-bbb4-43dc-a5ab-3c7e4f2d6093_海报.png: cannot reshape array of size 69612752 into shape (4961,3508,3)
[2025-03-10 19:41:09.826523] 海报/tshirt_template_poster.png: cannot reshape array of size 69612752 into shape (4961,3508,3)
[2025-03-10 20:39:30.920403] T恤/shirt_creatorai0316_50827_abstractgraphic_tee_design_spiritual_te_1e3eb3a4-b4a6-4838-9bde-a78eff757570.png: 质检未通过: DPI不足(299.9994<300)
[2025-03-10 20:39:31.384982] T恤/shirt_creatorai0316_50827_abstractgraphic_tee_design_spiritual_te_af19b88c-5b4d-446a-a7a4-0393b7c50b62.png: 质检未通过: DPI不足(299.9994<300)
[2025-03-10 20:39:31.855390] T恤/shirt_creatorai0316_50827_abstract_t-shirt_design_streetwear_styl_a271fe7d-c14a-4f37-bfb5-3bbc83cca0c4.png: 质检未通过: DPI不足(299.9994<300)
[2025-03-10 20:39:32.315794] T恤/shirt_creatorai0316_50827_abstract_t-shirt_design_streetwear_styl_f7826315-f176-4fe2-94d2-27bcb487bd84.png: 质检未通过: DPI不足(299.9994<300)
[2025-03-10 20:39:32.443422] 壁纸/landscape_creatorai0316_50827_mysticalwallpaper_4k_resolution_dark__632debef-e200-49d4-8f96-3f7a6c3c079a.jpg: 质检未通过: DPI不足(0<72)
[2025-03-10 20:39:32.554794] 壁纸/landscape_creatorai0316_50827_mysticalwallpaper_4k_resolution_dark__af559556-70d5-48c9-afdd-cd621565d527.jpg: 质检未通过: DPI不足(0<72)
[2025-03-10 20:39:32.673920] 壁纸/landscape_creatorai0316_50827_mysticalwallpaper_4k_resolution_dark__cf85a866-afd0-4f43-8d5f-30a7789b4f8a.jpg: 质检未通过: DPI不足(0<72)
[2025-03-10 20:39:32.776314] 壁纸/portrait_creatorai0316_50827_mysticalwallpaper_4k_resolution_dark__632debef-e200-49d4-8f96-3f7a6c3c079a.jpg: 质检未通过: 宽度不足(2160<3840)
[2025-03-10 20:39:32.892131] 壁纸/portrait_creatorai0316_50827_mysticalwallpaper_4k_resolution_dark__af559556-70d5-48c9-afdd-cd621565d527.jpg: 质检未通过: 宽度不足(2160<3840)
[2025-03-10 20:39:33.013918] 壁纸/portrait_creatorai0316_50827_mysticalwallpaper_4k_resolution_dark__cf85a866-afd0-4f43-8d5f-30a7789b4f8a.jpg: 质检未通过: 宽度不足(2160<3840)
